#
# A fatal error has been detected by the Java Runtime Environment:
#
#  SIGBUS (0xa) at pc=0x00007fff6997ace9, pid=94407, tid=0x000000000000b41f
#
# JRE version: Java(TM) SE Runtime Environment (8.0_202-b08) (build 1.8.0_202-b08)
# Java VM: Java HotSpot(TM) 64-Bit Server VM (25.202-b08 mixed mode bsd-amd64 compressed oops)
# Problematic frame:
# C  [libsystem_platform.dylib+0x1ce9]  _platform_memmove$VARIANT$Haswell+0x29
#
# Failed to write core dump. Core dumps have been disabled. To enable core dumping, try "ulimit -c unlimited" before starting Java again
#
# If you would like to submit a bug report, please visit:
#   http://bugreport.java.com/bugreport/crash.jsp
# The crash happened outside the Java Virtual Machine in native code.
# See problematic frame for where to report the bug.
#

---------------  T H R E A D  ---------------

Current thread (0x00007ff8f6fef000):  JavaThread "play-dev-mode-akka.actor.default-dispatcher-5" [_thread_in_native, id=46111, stack(0x0000700007947000,0x0000700007a47000)]

siginfo: si_signo: 10 (SIGBUS), si_code: 2 (BUS_ADRERR), si_addr: 0x000000010e337000

Registers:
RAX=0x000000010f36f002, RBX=0x000000010e33377d, RCX=0x0000000000006bab, RDX=0x000000000000a400
RSP=0x0000700007a43110, RBP=0x0000700007a43110, RSI=0x000000010e337000, RDI=0x000000010f372857
R8 =0x0000000000000000, R9 =0x000000000000b000, R10=0x0000000000000003, R11=0x000000000103b857
R12=0x0000000000000000, R13=0x0000000069626e75, R14=0x0000000000000000, R15=0x000000000000a400
RIP=0x00007fff6997ace9, EFLAGS=0x0000000000010206, ERR=0x0000000000000004
  TRAPNO=0x000000000000000e

Top of Stack: (sp=0x0000700007a43110)
0x0000700007a43110:   0000700007a43180 000000010769f05f
0x0000700007a43120:   00000000406785c0 00000000000000a4
0x0000700007a43130:   000000000000fe81 00007ff8fb373af0
0x0000700007a43140:   0000000000000000 00007ff8f38f08f0
0x0000700007a43150:   00007ff8fb373aa0 00007ff8f38f08f0
0x0000700007a43160:   00007ff8f477aa00 0000000000000010
0x0000700007a43170:   000000005bbd78a2 00007ff8f3a17e50
0x0000700007a43180:   0000700007a431e0 000000010769f52d
0x0000700007a43190:   0000700007a43213 0000700007a43212
0x0000700007a431a0:   0000001300000000 0000001401fef000
0x0000700007a431b0:   0000700007a431fe 0000700007a43648
0x0000700007a431c0:   0000000000000014 0000700007a431fe
0x0000700007a431d0:   00007ff8f38f08f0 00007ff8f6fef1f8
0x0000700007a431e0:   0000700007a43630 000000010769e238
0x0000700007a431f0:   0000000797236fd0 454d000000000001
0x0000700007a43200:   4d2f464e492d4154 2e54534546494e41
0x0000700007a43210:   000070000700464d 0000000740f92c28
0x0000700007a43220:   0000000740450a00 0000000797237260
0x0000700007a43230:   0000000000000000 0000000797237358
0x0000700007a43240:   0000000740450a28 0000000000000031
0x0000700007a43250:   0000000740450a00 0000700007a43348
0x0000700007a43260:   0000700007a43620 000000011323b324
0x0000700007a43270:   0000700007a44420 0000700007a44424
0x0000700007a43280:   0000700007a432a0 0000000106a6cd38
0x0000700007a43290:   0000700007a43330 0000700007a442a0
0x0000700007a432a0:   0000700007a432f0 000000010684eb08
0x0000700007a432b0:   0000700007a44430 0000700007a44434
0x0000700007a432c0:   0000700007a432e0 0000000106aee730
0x0000700007a432d0:   00007ff8f6fef000 0000700007a433c8
0x0000700007a432e0:   0000700007a43320 0000000110e17eb0
0x0000700007a432f0:   0000000113f13280 03030000fffffcff
0x0000700007a43300:   0303030303030303 0000030303030303 

Instructions: (pc=0x00007fff6997ace9)
0x00007fff6997acc9:   f3 48 89 f8 49 39 d3 72 1b 48 83 fa 60 76 2f 48
0x00007fff6997acd9:   81 fa 00 40 00 00 0f 82 cb 00 00 00 48 89 d1 fc
0x00007fff6997ace9:   f3 a4 5d c3 48 39 fe 74 f9 48 01 d6 48 01 d7 48
0x00007fff6997acf9:   83 fa 60 0f 82 8c 01 00 00 e9 a9 01 00 00 48 83 

Register to memory mapping:

RAX=0x000000010f36f002 is an unknown value
RBX=0x000000010e33377d is an unknown value
RCX=0x0000000000006bab is an unknown value
RDX=0x000000000000a400 is an unknown value
RSP=0x0000700007a43110 is pointing into the stack for thread: 0x00007ff8f6fef000
RBP=0x0000700007a43110 is pointing into the stack for thread: 0x00007ff8f6fef000
RSI=0x000000010e337000 is an unknown value
RDI=0x000000010f372857 is an unknown value
R8 =0x0000000000000000 is an unknown value
R9 =0x000000000000b000 is an unknown value
R10=0x0000000000000003 is an unknown value
R11=0x000000000103b857 is an unknown value
R12=0x0000000000000000 is an unknown value
R13=0x0000000069626e75 is an unknown value
R14=0x0000000000000000 is an unknown value
R15=0x000000000000a400 is an unknown value


Stack: [0x0000700007947000,0x0000700007a47000],  sp=0x0000700007a43110,  free space=1008k
Native frames: (J=compiled Java code, j=interpreted, Vv=VM code, C=native code)
C  [libsystem_platform.dylib+0x1ce9]  _platform_memmove$VARIANT$Haswell+0x29
C  [libzip.dylib+0x305f]  newEntry+0x321
C  [libzip.dylib+0x352d]  ZIP_GetEntry2+0xd4
C  [libzip.dylib+0x2238]  Java_java_util_zip_ZipFile_getEntry+0xcf
J 106  java.util.zip.ZipFile.getEntry(J[BZ)J (0 bytes) @ 0x00000001129a95ce [0x00000001129a9500+0xce]
J 4364 C2 java.util.jar.JarFile.getJarEntry(Ljava/lang/String;)Ljava/util/jar/JarEntry; (9 bytes) @ 0x0000000112b6e53c [0x0000000112b6e180+0x3bc]
J 15309 C2 sun.misc.URLClassPath$JarLoader.getResource(Ljava/lang/String;Z)Lsun/misc/Resource; (85 bytes) @ 0x0000000114d5a45c [0x0000000114d5a220+0x23c]
J 13747 C2 sun.misc.URLClassPath$JarLoader.findResource(Ljava/lang/String;Z)Ljava/net/URL; (18 bytes) @ 0x000000011354fc9c [0x000000011354fc60+0x3c]
J 4167 C1 sun.misc.URLClassPath$1.next()Z (63 bytes) @ 0x0000000112a7b98c [0x0000000112a7b820+0x16c]
J 13424 C1 sun.misc.URLClassPath$1.hasMoreElements()Z (5 bytes) @ 0x0000000114313144 [0x00000001143130c0+0x84]
J 13422 C1 java.net.URLClassLoader$3$1.run()Ljava/lang/Object; (5 bytes) @ 0x0000000114313d14 [0x0000000114313ba0+0x174]
v  ~StubRoutines::call_stub
V  [libjvm.dylib+0x2f0d1e]  JavaCalls::call_helper(JavaValue*, methodHandle*, JavaCallArguments*, Thread*)+0x6ae
V  [libjvm.dylib+0x35160e]  JVM_DoPrivileged+0x4b8
J 3604  java.security.AccessController.doPrivileged(Ljava/security/PrivilegedAction;Ljava/security/AccessControlContext;)Ljava/lang/Object; (0 bytes) @ 0x00000001134e1e95 [0x00000001134e1dc0+0xd5]
J 3896 C1 java.net.URLClassLoader$3.next()Z (73 bytes) @ 0x00000001135d910c [0x00000001135d8f60+0x1ac]
J 4170 C1 java.net.URLClassLoader$3.hasMoreElements()Z (5 bytes) @ 0x000000011299f604 [0x000000011299f580+0x84]
J 4176 C1 sun.misc.CompoundEnumeration.next()Z (58 bytes) @ 0x0000000112aeb844 [0x0000000112aeb6a0+0x1a4]
J 4194 C1 sun.misc.CompoundEnumeration.hasMoreElements()Z (5 bytes) @ 0x0000000112bd5e84 [0x0000000112bd5e00+0x84]
J 4176 C1 sun.misc.CompoundEnumeration.next()Z (58 bytes) @ 0x0000000112aeb844 [0x0000000112aeb6a0+0x1a4]
J 4194 C1 sun.misc.CompoundEnumeration.hasMoreElements()Z (5 bytes) @ 0x0000000112bd5e84 [0x0000000112bd5e00+0x84]
j  akka.util.ManifestInfo.liftedTree2$1(Lscala/runtime/ObjectRef;)V+17
j  akka.util.ManifestInfo.<init>(Lakka/actor/ExtendedActorSystem;)V+25
j  akka.util.ManifestInfo$.createExtension(Lakka/actor/ExtendedActorSystem;)Lakka/util/ManifestInfo;+5
j  akka.util.ManifestInfo$.createExtension(Lakka/actor/ExtendedActorSystem;)Lakka/actor/Extension;+2
j  akka.actor.ActorSystemImpl.registerExtension(Lakka/actor/ExtensionId;)Lakka/actor/Extension;+39
j  akka.actor.ExtensionId$class.apply(Lakka/actor/ExtensionId;Lakka/actor/ActorSystem;)Lakka/actor/Extension;+10
j  akka.util.ManifestInfo$.apply(Lakka/actor/ActorSystem;)Lakka/actor/Extension;+2
j  akka.actor.ActorSystemImpl.liftedTree2$1()Lakka/actor/ActorSystemImpl;+82
j  akka.actor.ActorSystemImpl._start$lzycompute()Lakka/actor/ActorSystemImpl;+13
j  akka.actor.ActorSystemImpl._start()Lakka/actor/ActorSystemImpl;+15
j  akka.actor.ActorSystemImpl.start()Lakka/actor/ActorSystemImpl;+1
j  akka.actor.ActorSystem$.apply(Ljava/lang/String;Lakka/actor/setup/ActorSystemSetup;)Lakka/actor/ActorSystem;+98
j  play.api.libs.concurrent.ActorSystemProvider$.start(Ljava/lang/ClassLoader;Lplay/api/Configuration;Lscala/Option;)Lakka/actor/ActorSystem;+430
j  play.api.libs.concurrent.ActorSystemProvider$.start(Ljava/lang/ClassLoader;Lplay/api/Configuration;)Lakka/actor/ActorSystem;+6
j  play.api.libs.concurrent.ActorSystemProvider.get$lzycompute()Lakka/actor/ActorSystem;+26
j  play.api.libs.concurrent.ActorSystemProvider.get()Lakka/actor/ActorSystem;+15
j  play.api.libs.concurrent.ActorSystemProvider.get()Ljava/lang/Object;+1
j  com.google.inject.internal.ProviderInternalFactory.provision(Ljavax/inject/Provider;Lcom/google/inject/spi/Dependency;Lcom/google/inject/internal/ConstructionContext;)Ljava/lang/Object;+1
j  com.google.inject.internal.BoundProviderFactory.provision(Ljavax/inject/Provider;Lcom/google/inject/spi/Dependency;Lcom/google/inject/internal/ConstructionContext;)Ljava/lang/Object;+4
j  com.google.inject.internal.ProviderInternalFactory.circularGet(Ljavax/inject/Provider;Lcom/google/inject/internal/InternalContext;Lcom/google/inject/spi/Dependency;Lcom/google/inject/internal/ProvisionListenerStackCallback;)Ljava/lang/Object;+58
j  com.google.inject.internal.BoundProviderFactory.get(Lcom/google/inject/internal/InternalContext;Lcom/google/inject/spi/Dependency;Z)Ljava/lang/Object;+38
j  com.google.inject.internal.SingleFieldInjector.inject(Lcom/google/inject/internal/InternalContext;Ljava/lang/Object;)V+29
j  com.google.inject.internal.MembersInjectorImpl.injectMembers(Ljava/lang/Object;Lcom/google/inject/internal/InternalContext;Z)V+61
j  com.google.inject.internal.MembersInjectorImpl.injectAndNotify(Ljava/lang/Object;Lcom/google/inject/Key;Lcom/google/inject/internal/ProvisionListenerStackCallback;Ljava/lang/Object;Z)V+62
j  com.google.inject.internal.MembersInjectorImpl.injectMembers(Ljava/lang/Object;)V+11
j  com.google.inject.internal.InjectorImpl.injectMembers(Ljava/lang/Object;)V+11
j  com.google.inject.util.Providers$GuicifiedProviderWithDependencies.initialize(Lcom/google/inject/Injector;)V+5
j  com.google.inject.util.Providers$GuicifiedProviderWithDependencies$$FastClassByGuice$$2a7177aa.invoke(ILjava/lang/Object;[Ljava/lang/Object;)Ljava/lang/Object;+50
j  com.google.inject.internal.SingleMethodInjector$1.invoke(Ljava/lang/Object;[Ljava/lang/Object;)Ljava/lang/Object;+10
j  com.google.inject.internal.SingleMethodInjector.inject(Lcom/google/inject/internal/InternalContext;Ljava/lang/Object;)V+15
j  com.google.inject.internal.MembersInjectorImpl.injectMembers(Ljava/lang/Object;Lcom/google/inject/internal/InternalContext;Z)V+61
j  com.google.inject.internal.MembersInjectorImpl.injectAndNotify(Ljava/lang/Object;Lcom/google/inject/Key;Lcom/google/inject/internal/ProvisionListenerStackCallback;Ljava/lang/Object;Z)V+62
j  com.google.inject.internal.Initializer$InjectableReference.get()Ljava/lang/Object;+203
j  com.google.inject.internal.Initializer.injectAll(Lcom/google/inject/internal/Errors;)V+39
j  com.google.inject.internal.InternalInjectorCreator.injectDynamically()V+24
j  com.google.inject.internal.InternalInjectorCreator.build()Lcom/google/inject/Injector;+78
j  com.google.inject.Guice.createInjector(Lcom/google/inject/Stage;Ljava/lang/Iterable;)Lcom/google/inject/Injector;+15
j  com.google.inject.Guice.createInjector(Lcom/google/inject/Stage;[Lcom/google/inject/Module;)Lcom/google/inject/Injector;+5
j  play.api.inject.guice.GuiceBuilder.injector()Lplay/api/inject/Injector;+65
j  play.api.inject.guice.GuiceApplicationBuilder.build()Lplay/api/Application;+1
j  play.api.inject.guice.GuiceApplicationLoader.load(Lplay/api/ApplicationLoader$Context;)Lplay/api/Application;+5
j  play.core.server.DevServerStart$$anonfun$mainDev$1$$anon$1$$anonfun$1.apply()Lplay/api/Application;+60
j  play.core.server.DevServerStart$$anonfun$mainDev$1$$anon$1$$anonfun$1.apply()Ljava/lang/Object;+1
j  play.utils.Threads$.withContextClassLoader(Ljava/lang/ClassLoader;Lscala/Function0;)Ljava/lang/Object;+16
j  play.core.server.DevServerStart$$anonfun$mainDev$1$$anon$1.reload(Ljava/lang/ClassLoader;)Lscala/util/Try;+136
j  play.core.server.DevServerStart$$anonfun$mainDev$1$$anon$1.get()Lscala/util/Try;+33
j  play.core.server.DevServerStart$$anonfun$mainDev$1$$anonfun$apply$1.apply()Lscala/concurrent/Future;+12
j  play.core.server.DevServerStart$$anonfun$mainDev$1$$anonfun$apply$1.apply()Ljava/lang/Object;+1
j  akka.actor.CoordinatedShutdown$$anonfun$4.apply(Lscala/Tuple2;)Lscala/concurrent/Future;+25
j  akka.actor.CoordinatedShutdown$$anonfun$4.apply(Ljava/lang/Object;)Ljava/lang/Object;+5
J 17332 C2 scala.collection.TraversableLike$$anonfun$map$1.apply(Ljava/lang/Object;)Ljava/lang/Object; (6 bytes) @ 0x00000001151c0134 [0x00000001151c00e0+0x54]
J 13708 C1 scala.collection.AbstractIterator.foreach(Lscala/Function1;)V (6 bytes) @ 0x0000000112e4cc14 [0x0000000112e4ca00+0x214]
J 13710 C1 scala.collection.AbstractIterable.foreach(Lscala/Function1;)V (6 bytes) @ 0x0000000112e40a24 [0x0000000112e40820+0x204]
J 16155 C1 scala.collection.AbstractTraversable.map(Lscala/Function1;Lscala/collection/generic/CanBuildFrom;)Ljava/lang/Object; (7 bytes) @ 0x0000000114f3f1e4 [0x0000000114f3ec80+0x564]
j  akka.actor.CoordinatedShutdown.akka$actor$CoordinatedShutdown$$loop$1(Lscala/collection/immutable/List;Z)Lscala/concurrent/Future;+320
j  akka.actor.CoordinatedShutdown$$anonfun$akka$actor$CoordinatedShutdown$$loop$1$1.apply(Lakka/Done$;)Lscala/concurrent/Future;+12
j  akka.actor.CoordinatedShutdown$$anonfun$akka$actor$CoordinatedShutdown$$loop$1$1.apply(Ljava/lang/Object;)Ljava/lang/Object;+5
J 17216 C1 scala.concurrent.Future$$anonfun$flatMap$1.apply(Lscala/util/Try;)Ljava/lang/Object; (170 bytes) @ 0x000000011516cc24 [0x000000011516c440+0x7e4]
J 17215 C1 scala.concurrent.Future$$anonfun$flatMap$1.apply(Ljava/lang/Object;)Ljava/lang/Object; (9 bytes) @ 0x00000001151698ec [0x0000000115169700+0x1ec]
J 16253 C1 scala.concurrent.impl.CallbackRunnable.run()V (74 bytes) @ 0x000000011346d4a4 [0x000000011346d1e0+0x2c4]
j  akka.dispatch.BatchingExecutor$AbstractBatch.processBatch(Lakka/dispatch/BatchingExecutor$AbstractBatch;)V+19
j  akka.dispatch.BatchingExecutor$BlockableBatch$$anonfun$run$1.apply$mcV$sp()V+8
j  akka.dispatch.BatchingExecutor$BlockableBatch$$anonfun$run$1.apply()V+1
j  akka.dispatch.BatchingExecutor$BlockableBatch$$anonfun$run$1.apply()Ljava/lang/Object;+1
j  scala.concurrent.BlockContext$.withBlockContext(Lscala/concurrent/BlockContext;Lscala/Function0;)Ljava/lang/Object;+20
j  akka.dispatch.BatchingExecutor$BlockableBatch.run()V+95
j  akka.dispatch.TaskInvocation.run()V+4
j  akka.dispatch.ForkJoinExecutorConfigurator$AkkaForkJoinTask.exec()Z+4
j  akka.dispatch.forkjoin.ForkJoinTask.doExec()I+10
J 14889 C1 akka.dispatch.forkjoin.ForkJoinPool$WorkQueue.runTask(Lakka/dispatch/forkjoin/ForkJoinTask;)V (60 bytes) @ 0x00000001135fa02c [0x00000001135f9ec0+0x16c]
j  akka.dispatch.forkjoin.ForkJoinPool.runWorker(Lakka/dispatch/forkjoin/ForkJoinPool$WorkQueue;)V+11
j  akka.dispatch.forkjoin.ForkJoinWorkerThread.run()V+14
v  ~StubRoutines::call_stub
V  [libjvm.dylib+0x2f0d1e]  JavaCalls::call_helper(JavaValue*, methodHandle*, JavaCallArguments*, Thread*)+0x6ae
V  [libjvm.dylib+0x2f14c2]  JavaCalls::call_virtual(JavaValue*, KlassHandle, Symbol*, Symbol*, JavaCallArguments*, Thread*)+0x164
V  [libjvm.dylib+0x2f166e]  JavaCalls::call_virtual(JavaValue*, Handle, KlassHandle, Symbol*, Symbol*, Thread*)+0x4a
V  [libjvm.dylib+0x34bf5d]  thread_entry(JavaThread*, Thread*)+0x7c
V  [libjvm.dylib+0x570b93]  JavaThread::thread_main_inner()+0x9b
V  [libjvm.dylib+0x57228e]  JavaThread::run()+0x1c2
...<more frames>...

Java frames: (J=compiled Java code, j=interpreted, Vv=VM code)
J 106  java.util.zip.ZipFile.getEntry(J[BZ)J (0 bytes) @ 0x00000001129a9558 [0x00000001129a9500+0x58]
J 4364 C2 java.util.jar.JarFile.getJarEntry(Ljava/lang/String;)Ljava/util/jar/JarEntry; (9 bytes) @ 0x0000000112b6e53c [0x0000000112b6e180+0x3bc]
J 15309 C2 sun.misc.URLClassPath$JarLoader.getResource(Ljava/lang/String;Z)Lsun/misc/Resource; (85 bytes) @ 0x0000000114d5a45c [0x0000000114d5a220+0x23c]
J 13747 C2 sun.misc.URLClassPath$JarLoader.findResource(Ljava/lang/String;Z)Ljava/net/URL; (18 bytes) @ 0x000000011354fc9c [0x000000011354fc60+0x3c]
J 4167 C1 sun.misc.URLClassPath$1.next()Z (63 bytes) @ 0x0000000112a7b98c [0x0000000112a7b820+0x16c]
J 13424 C1 sun.misc.URLClassPath$1.hasMoreElements()Z (5 bytes) @ 0x0000000114313144 [0x00000001143130c0+0x84]
J 13422 C1 java.net.URLClassLoader$3$1.run()Ljava/lang/Object; (5 bytes) @ 0x0000000114313d14 [0x0000000114313ba0+0x174]
v  ~StubRoutines::call_stub
J 3604  java.security.AccessController.doPrivileged(Ljava/security/PrivilegedAction;Ljava/security/AccessControlContext;)Ljava/lang/Object; (0 bytes) @ 0x00000001134e1e23 [0x00000001134e1dc0+0x63]
J 3896 C1 java.net.URLClassLoader$3.next()Z (73 bytes) @ 0x00000001135d910c [0x00000001135d8f60+0x1ac]
J 4170 C1 java.net.URLClassLoader$3.hasMoreElements()Z (5 bytes) @ 0x000000011299f604 [0x000000011299f580+0x84]
J 4176 C1 sun.misc.CompoundEnumeration.next()Z (58 bytes) @ 0x0000000112aeb844 [0x0000000112aeb6a0+0x1a4]
J 4194 C1 sun.misc.CompoundEnumeration.hasMoreElements()Z (5 bytes) @ 0x0000000112bd5e84 [0x0000000112bd5e00+0x84]
J 4176 C1 sun.misc.CompoundEnumeration.next()Z (58 bytes) @ 0x0000000112aeb844 [0x0000000112aeb6a0+0x1a4]
J 4194 C1 sun.misc.CompoundEnumeration.hasMoreElements()Z (5 bytes) @ 0x0000000112bd5e84 [0x0000000112bd5e00+0x84]
j  akka.util.ManifestInfo.liftedTree2$1(Lscala/runtime/ObjectRef;)V+17
j  akka.util.ManifestInfo.<init>(Lakka/actor/ExtendedActorSystem;)V+25
j  akka.util.ManifestInfo$.createExtension(Lakka/actor/ExtendedActorSystem;)Lakka/util/ManifestInfo;+5
j  akka.util.ManifestInfo$.createExtension(Lakka/actor/ExtendedActorSystem;)Lakka/actor/Extension;+2
j  akka.actor.ActorSystemImpl.registerExtension(Lakka/actor/ExtensionId;)Lakka/actor/Extension;+39
j  akka.actor.ExtensionId$class.apply(Lakka/actor/ExtensionId;Lakka/actor/ActorSystem;)Lakka/actor/Extension;+10
j  akka.util.ManifestInfo$.apply(Lakka/actor/ActorSystem;)Lakka/actor/Extension;+2
j  akka.actor.ActorSystemImpl.liftedTree2$1()Lakka/actor/ActorSystemImpl;+82
j  akka.actor.ActorSystemImpl._start$lzycompute()Lakka/actor/ActorSystemImpl;+13
j  akka.actor.ActorSystemImpl._start()Lakka/actor/ActorSystemImpl;+15
j  akka.actor.ActorSystemImpl.start()Lakka/actor/ActorSystemImpl;+1
j  akka.actor.ActorSystem$.apply(Ljava/lang/String;Lakka/actor/setup/ActorSystemSetup;)Lakka/actor/ActorSystem;+98
j  play.api.libs.concurrent.ActorSystemProvider$.start(Ljava/lang/ClassLoader;Lplay/api/Configuration;Lscala/Option;)Lakka/actor/ActorSystem;+430
j  play.api.libs.concurrent.ActorSystemProvider$.start(Ljava/lang/ClassLoader;Lplay/api/Configuration;)Lakka/actor/ActorSystem;+6
j  play.api.libs.concurrent.ActorSystemProvider.get$lzycompute()Lakka/actor/ActorSystem;+26
j  play.api.libs.concurrent.ActorSystemProvider.get()Lakka/actor/ActorSystem;+15
j  play.api.libs.concurrent.ActorSystemProvider.get()Ljava/lang/Object;+1
j  com.google.inject.internal.ProviderInternalFactory.provision(Ljavax/inject/Provider;Lcom/google/inject/spi/Dependency;Lcom/google/inject/internal/ConstructionContext;)Ljava/lang/Object;+1
j  com.google.inject.internal.BoundProviderFactory.provision(Ljavax/inject/Provider;Lcom/google/inject/spi/Dependency;Lcom/google/inject/internal/ConstructionContext;)Ljava/lang/Object;+4
j  com.google.inject.internal.ProviderInternalFactory.circularGet(Ljavax/inject/Provider;Lcom/google/inject/internal/InternalContext;Lcom/google/inject/spi/Dependency;Lcom/google/inject/internal/ProvisionListenerStackCallback;)Ljava/lang/Object;+58
j  com.google.inject.internal.BoundProviderFactory.get(Lcom/google/inject/internal/InternalContext;Lcom/google/inject/spi/Dependency;Z)Ljava/lang/Object;+38
j  com.google.inject.internal.SingleFieldInjector.inject(Lcom/google/inject/internal/InternalContext;Ljava/lang/Object;)V+29
j  com.google.inject.internal.MembersInjectorImpl.injectMembers(Ljava/lang/Object;Lcom/google/inject/internal/InternalContext;Z)V+61
j  com.google.inject.internal.MembersInjectorImpl.injectAndNotify(Ljava/lang/Object;Lcom/google/inject/Key;Lcom/google/inject/internal/ProvisionListenerStackCallback;Ljava/lang/Object;Z)V+62
j  com.google.inject.internal.MembersInjectorImpl.injectMembers(Ljava/lang/Object;)V+11
j  com.google.inject.internal.InjectorImpl.injectMembers(Ljava/lang/Object;)V+11
j  com.google.inject.util.Providers$GuicifiedProviderWithDependencies.initialize(Lcom/google/inject/Injector;)V+5
j  com.google.inject.util.Providers$GuicifiedProviderWithDependencies$$FastClassByGuice$$2a7177aa.invoke(ILjava/lang/Object;[Ljava/lang/Object;)Ljava/lang/Object;+50
j  com.google.inject.internal.SingleMethodInjector$1.invoke(Ljava/lang/Object;[Ljava/lang/Object;)Ljava/lang/Object;+10
j  com.google.inject.internal.SingleMethodInjector.inject(Lcom/google/inject/internal/InternalContext;Ljava/lang/Object;)V+15
j  com.google.inject.internal.MembersInjectorImpl.injectMembers(Ljava/lang/Object;Lcom/google/inject/internal/InternalContext;Z)V+61
j  com.google.inject.internal.MembersInjectorImpl.injectAndNotify(Ljava/lang/Object;Lcom/google/inject/Key;Lcom/google/inject/internal/ProvisionListenerStackCallback;Ljava/lang/Object;Z)V+62
j  com.google.inject.internal.Initializer$InjectableReference.get()Ljava/lang/Object;+203
j  com.google.inject.internal.Initializer.injectAll(Lcom/google/inject/internal/Errors;)V+39
j  com.google.inject.internal.InternalInjectorCreator.injectDynamically()V+24
j  com.google.inject.internal.InternalInjectorCreator.build()Lcom/google/inject/Injector;+78
j  com.google.inject.Guice.createInjector(Lcom/google/inject/Stage;Ljava/lang/Iterable;)Lcom/google/inject/Injector;+15
j  com.google.inject.Guice.createInjector(Lcom/google/inject/Stage;[Lcom/google/inject/Module;)Lcom/google/inject/Injector;+5
j  play.api.inject.guice.GuiceBuilder.injector()Lplay/api/inject/Injector;+65
j  play.api.inject.guice.GuiceApplicationBuilder.build()Lplay/api/Application;+1
j  play.api.inject.guice.GuiceApplicationLoader.load(Lplay/api/ApplicationLoader$Context;)Lplay/api/Application;+5
j  play.core.server.DevServerStart$$anonfun$mainDev$1$$anon$1$$anonfun$1.apply()Lplay/api/Application;+60
j  play.core.server.DevServerStart$$anonfun$mainDev$1$$anon$1$$anonfun$1.apply()Ljava/lang/Object;+1
j  play.utils.Threads$.withContextClassLoader(Ljava/lang/ClassLoader;Lscala/Function0;)Ljava/lang/Object;+16
j  play.core.server.DevServerStart$$anonfun$mainDev$1$$anon$1.reload(Ljava/lang/ClassLoader;)Lscala/util/Try;+136
j  play.core.server.DevServerStart$$anonfun$mainDev$1$$anon$1.get()Lscala/util/Try;+33
j  play.core.server.DevServerStart$$anonfun$mainDev$1$$anonfun$apply$1.apply()Lscala/concurrent/Future;+12
j  play.core.server.DevServerStart$$anonfun$mainDev$1$$anonfun$apply$1.apply()Ljava/lang/Object;+1
j  akka.actor.CoordinatedShutdown$$anonfun$4.apply(Lscala/Tuple2;)Lscala/concurrent/Future;+25
j  akka.actor.CoordinatedShutdown$$anonfun$4.apply(Ljava/lang/Object;)Ljava/lang/Object;+5
J 17332 C2 scala.collection.TraversableLike$$anonfun$map$1.apply(Ljava/lang/Object;)Ljava/lang/Object; (6 bytes) @ 0x00000001151c0134 [0x00000001151c00e0+0x54]
J 13708 C1 scala.collection.AbstractIterator.foreach(Lscala/Function1;)V (6 bytes) @ 0x0000000112e4cc14 [0x0000000112e4ca00+0x214]
J 13710 C1 scala.collection.AbstractIterable.foreach(Lscala/Function1;)V (6 bytes) @ 0x0000000112e40a24 [0x0000000112e40820+0x204]
J 16155 C1 scala.collection.AbstractTraversable.map(Lscala/Function1;Lscala/collection/generic/CanBuildFrom;)Ljava/lang/Object; (7 bytes) @ 0x0000000114f3f1e4 [0x0000000114f3ec80+0x564]
j  akka.actor.CoordinatedShutdown.akka$actor$CoordinatedShutdown$$loop$1(Lscala/collection/immutable/List;Z)Lscala/concurrent/Future;+320
j  akka.actor.CoordinatedShutdown$$anonfun$akka$actor$CoordinatedShutdown$$loop$1$1.apply(Lakka/Done$;)Lscala/concurrent/Future;+12
j  akka.actor.CoordinatedShutdown$$anonfun$akka$actor$CoordinatedShutdown$$loop$1$1.apply(Ljava/lang/Object;)Ljava/lang/Object;+5
J 17216 C1 scala.concurrent.Future$$anonfun$flatMap$1.apply(Lscala/util/Try;)Ljava/lang/Object; (170 bytes) @ 0x000000011516cc24 [0x000000011516c440+0x7e4]
J 17215 C1 scala.concurrent.Future$$anonfun$flatMap$1.apply(Ljava/lang/Object;)Ljava/lang/Object; (9 bytes) @ 0x00000001151698ec [0x0000000115169700+0x1ec]
J 16253 C1 scala.concurrent.impl.CallbackRunnable.run()V (74 bytes) @ 0x000000011346d4a4 [0x000000011346d1e0+0x2c4]
j  akka.dispatch.BatchingExecutor$AbstractBatch.processBatch(Lakka/dispatch/BatchingExecutor$AbstractBatch;)V+19
j  akka.dispatch.BatchingExecutor$BlockableBatch$$anonfun$run$1.apply$mcV$sp()V+8
j  akka.dispatch.BatchingExecutor$BlockableBatch$$anonfun$run$1.apply()V+1
j  akka.dispatch.BatchingExecutor$BlockableBatch$$anonfun$run$1.apply()Ljava/lang/Object;+1
j  scala.concurrent.BlockContext$.withBlockContext(Lscala/concurrent/BlockContext;Lscala/Function0;)Ljava/lang/Object;+20
j  akka.dispatch.BatchingExecutor$BlockableBatch.run()V+95
j  akka.dispatch.TaskInvocation.run()V+4
j  akka.dispatch.ForkJoinExecutorConfigurator$AkkaForkJoinTask.exec()Z+4
j  akka.dispatch.forkjoin.ForkJoinTask.doExec()I+10
J 14889 C1 akka.dispatch.forkjoin.ForkJoinPool$WorkQueue.runTask(Lakka/dispatch/forkjoin/ForkJoinTask;)V (60 bytes) @ 0x00000001135fa02c [0x00000001135f9ec0+0x16c]
j  akka.dispatch.forkjoin.ForkJoinPool.runWorker(Lakka/dispatch/forkjoin/ForkJoinPool$WorkQueue;)V+11
j  akka.dispatch.forkjoin.ForkJoinWorkerThread.run()V+14
v  ~StubRoutines::call_stub

---------------  P R O C E S S  ---------------

Java Threads: ( => current thread )
  0x00007ff8f41db800 JavaThread "application-akka.actor.default-dispatcher-6" [_thread_blocked, id=85007, stack(0x00007000057e4000,0x00007000058e4000)]
  0x00007ff8f5749800 JavaThread "application-akka.actor.default-dispatcher-5" [_thread_blocked, id=40207, stack(0x00007000056e1000,0x00007000057e1000)]
  0x00007ff8f41da800 JavaThread "application-akka.actor.default-dispatcher-4" [_thread_blocked, id=38415, stack(0x00007000055de000,0x00007000056de000)]
  0x00007ff8f6319800 JavaThread "application-akka.actor.default-dispatcher-3" [_thread_blocked, id=38671, stack(0x00007000054db000,0x00007000055db000)]
  0x00007ff8f6411000 JavaThread "application-akka.actor.default-dispatcher-2" [_thread_blocked, id=40983, stack(0x00007000053d8000,0x00007000054d8000)]
  0x00007ff8f6c87800 JavaThread "application-scheduler-1" [_thread_blocked, id=18971, stack(0x00007000051d2000,0x00007000052d2000)]
  0x00007ff8f25f8800 JavaThread "AsyncAppender-Worker-ASYNCSTDOUT" daemon [_thread_blocked, id=38919, stack(0x00007000050cf000,0x00007000051cf000)]
  0x00007ff8f6b2a000 JavaThread "play-dev-mode-akka.actor.default-dispatcher-6" [_thread_blocked, id=84395, stack(0x0000700007a4a000,0x0000700007b4a000)]
=>0x00007ff8f6fef000 JavaThread "play-dev-mode-akka.actor.default-dispatcher-5" [_thread_in_native, id=46111, stack(0x0000700007947000,0x0000700007a47000)]
  0x00007ff8f9fb3000 JavaThread "Neo4jDriverIO-3-8" [_thread_in_native, id=46851, stack(0x000070000815f000,0x000070000825f000)]
  0x00007ff8f9fb2000 JavaThread "Neo4jDriverIO-3-7" [_thread_in_native, id=83203, stack(0x000070000805c000,0x000070000815c000)]
  0x00007ff8f829f800 JavaThread "cluster1-nio-worker-7" [_thread_in_native, id=43547, stack(0x00007000041a2000,0x00007000042a2000)]
  0x00007ff8f829c000 JavaThread "cluster1-nio-worker-6" [_thread_in_native, id=37647, stack(0x0000700007232000,0x0000700007332000)]
  0x00007ff8f6dc2800 JavaThread "cluster1-nio-worker-5" [_thread_in_native, id=86019, stack(0x0000700007741000,0x0000700007841000)]
  0x00007ff8f4dda000 JavaThread "cluster1-nio-worker-4" [_thread_in_native, id=44547, stack(0x000070000763e000,0x000070000773e000)]
  0x00007ff8f804a800 JavaThread "cluster1-nio-worker-3" [_thread_in_native, id=30475, stack(0x0000700007335000,0x0000700007435000)]
  0x00007ff8f82b2000 JavaThread "cluster1-nio-worker-2" [_thread_in_native, id=25099, stack(0x000070000702c000,0x000070000712c000)]
  0x00007ff8f82ac000 JavaThread "cluster1-reconnection-1" [_thread_blocked, id=30987, stack(0x0000700005aed000,0x0000700005bed000)]
  0x00007ff8f69e4000 JavaThread "cluster1-reconnection-0" [_thread_blocked, id=43783, stack(0x00007000059ea000,0x0000700005aea000)]
  0x00007ff8f6ff6800 JavaThread "JDWP Transport Listener: dt_socket" daemon [_thread_in_native, id=3595, stack(0x00007000043a8000,0x00007000044a8000)]
  0x00007ff8f8083800 JavaThread "Neo4jDriverIO-3-6" [_thread_in_native, id=86787, stack(0x0000700007438000,0x0000700007538000)]
  0x00007ff8f8081800 JavaThread "Neo4jDriverIO-3-5" [_thread_in_native, id=31491, stack(0x000070000712f000,0x000070000722f000)]
  0x00007ff8fa220000 JavaThread "Neo4jDriverIO-3-4" [_thread_in_native, id=32259, stack(0x0000700006e26000,0x0000700006f26000)]
  0x00007ff8fa9d1800 JavaThread "Neo4jDriverIO-3-3" [_thread_in_native, id=30211, stack(0x0000700006d23000,0x0000700006e23000)]
  0x00007ff8fa1ef000 JavaThread "Neo4jDriverIO-3-2" [_thread_in_native, id=29955, stack(0x0000700006c20000,0x0000700006d20000)]
  0x00007ff8fa1ee800 JavaThread "Neo4jDriverIO-3-1" [_thread_in_native, id=33283, stack(0x0000700006b1d000,0x0000700006c1d000)]
  0x00007ff8f4e32800 JavaThread "Neo4jDriverIO-2-8" [_thread_in_native, id=29699, stack(0x0000700006a1a000,0x0000700006b1a000)]
  0x00007ff8f4a36000 JavaThread "Neo4jDriverIO-2-7" [_thread_in_native, id=29187, stack(0x0000700006917000,0x0000700006a17000)]
  0x00007ff8f4de6000 JavaThread "commons-pool-EvictionTimer" daemon [_thread_blocked, id=34055, stack(0x0000700006814000,0x0000700006914000)]
  0x00007ff8f9abf800 JavaThread "Neo4jDriverIO-2-6" [_thread_in_native, id=34563, stack(0x0000700006711000,0x0000700006811000)]
  0x00007ff8f4e30000 JavaThread "cluster1-nio-worker-1" [_thread_in_native, id=28675, stack(0x000070000660e000,0x000070000670e000)]
  0x00007ff8fa212800 JavaThread "cluster1-timeouter-0" [_thread_blocked, id=28419, stack(0x000070000650b000,0x000070000660b000)]
  0x00007ff8f9837000 JavaThread "cluster1-nio-worker-0" [_thread_in_native, id=28163, stack(0x0000700006408000,0x0000700006508000)]
  0x00007ff8f988b000 JavaThread "cluster1-scheduled-task-worker-0" [_thread_blocked, id=35587, stack(0x0000700006305000,0x0000700006405000)]
  0x00007ff8fa0fa000 JavaThread "cluster1-connection-reaper-0" [_thread_blocked, id=36099, stack(0x0000700006202000,0x0000700006302000)]
  0x00007ff8fa0ec800 JavaThread "Neo4jDriverIO-2-5" [_thread_in_native, id=27651, stack(0x00007000060ff000,0x00007000061ff000)]
  0x00007ff8faa4e800 JavaThread "Neo4jDriverIO-2-4" [_thread_in_native, id=36355, stack(0x0000700005ffc000,0x00007000060fc000)]
  0x00007ff8f9975000 JavaThread "Neo4jDriverIO-2-3" [_thread_in_native, id=36867, stack(0x0000700005ef9000,0x0000700005ff9000)]
  0x00007ff8fa0f2000 JavaThread "Neo4jDriverIO-2-2" [_thread_in_native, id=37123, stack(0x0000700005df6000,0x0000700005ef6000)]
  0x00007ff8f9812800 JavaThread "Neo4jDriverIO-2-1" [_thread_in_native, id=26627, stack(0x0000700005cf3000,0x0000700005df3000)]
  0x00007ff8fa30f000 JavaThread "com.google.common.base.internal.Finalizer" daemon [_thread_blocked, id=37379, stack(0x0000700005bf0000,0x0000700005cf0000)]
  0x00007ff8f8c26000 JavaThread "play-dev-mode-akka.actor.default-dispatcher-4" [_thread_blocked, id=39939, stack(0x00007000052d5000,0x00007000053d5000)]
  0x00007ff8f2836000 JavaThread "play-dev-mode-scheduler-1" [_thread_blocked, id=22531, stack(0x0000700004fcc000,0x00007000050cc000)]
  0x00007ff8f58de000 JavaThread "FSEvent thread" daemon [_thread_in_native, id=42499, stack(0x0000700004ec9000,0x0000700004fc9000)]
  0x00007ff8f447f000 JavaThread "resolver-5" daemon [_thread_blocked, id=43011, stack(0x0000700004dc6000,0x0000700004ec6000)]
  0x00007ff8f58d8800 JavaThread "resolver-4" daemon [_thread_blocked, id=22019, stack(0x0000700004cc3000,0x0000700004dc3000)]
  0x00007ff8f4a1e800 JavaThread "resolver-3" daemon [_thread_blocked, id=15619, stack(0x0000700004bc0000,0x0000700004cc0000)]
  0x00007ff8f58d7800 JavaThread "resolver-2" daemon [_thread_blocked, id=16131, stack(0x0000700004abd000,0x0000700004bbd000)]
  0x00007ff8f58d7000 JavaThread "resolver-1" daemon [_thread_blocked, id=16643, stack(0x00007000049ba000,0x0000700004aba000)]
  0x00007ff8f1834000 JavaThread "Service Thread" daemon [_thread_blocked, id=17411, stack(0x00007000047b4000,0x00007000048b4000)]
  0x00007ff8f3022000 JavaThread "C1 CompilerThread2" daemon [_thread_blocked, id=14851, stack(0x00007000046b1000,0x00007000047b1000)]
  0x00007ff8f3001000 JavaThread "C2 CompilerThread1" daemon [_thread_in_native, id=17923, stack(0x00007000045ae000,0x00007000046ae000)]
  0x00007ff8f2843000 JavaThread "C2 CompilerThread0" daemon [_thread_in_native, id=14339, stack(0x00007000044ab000,0x00007000045ab000)]
  0x00007ff8f3021000 JavaThread "JDWP Event Helper Thread" daemon [_thread_blocked, id=18691, stack(0x00007000042a5000,0x00007000043a5000)]
  0x00007ff8f2000800 JavaThread "Signal Dispatcher" daemon [_thread_blocked, id=13571, stack(0x000070000409f000,0x000070000419f000)]
  0x00007ff8f2833000 JavaThread "Finalizer" daemon [_thread_blocked, id=20227, stack(0x0000700003f9c000,0x000070000409c000)]
  0x00007ff8f180a800 JavaThread "Reference Handler" daemon [_thread_blocked, id=11779, stack(0x0000700003e99000,0x0000700003f99000)]
  0x00007ff8f1803000 JavaThread "main" [_thread_blocked, id=6147, stack(0x0000700003887000,0x0000700003987000)]

Other Threads:
  0x00007ff8f2830800 VMThread [stack: 0x0000700003d96000,0x0000700003e96000] [id=20995]
  0x00007ff8f3024800 WatcherThread [stack: 0x00007000048b7000,0x00007000049b7000] [id=17155]

VM state:not at safepoint (normal execution)

VM Mutex/Monitor currently owned by a thread: None

heap address: 0x0000000740000000, size: 2048 MB, Compressed Oops mode: Zero based, Oop shift amount: 3
Narrow klass base: 0x0000000000000000, Narrow klass shift: 3
Compressed class space size: 1073741824 Address: 0x00000007c0000000

Heap:
 PSYoungGen      total 388608K, used 37284K [0x0000000795580000, 0x00000007b3800000, 0x00000007c0000000)
  eden space 380416K, 7% used [0x0000000795580000,0x00000007972516c0,0x00000007ac900000)
  from space 8192K, 94% used [0x00000007ad900000,0x00000007ae097948,0x00000007ae100000)
  to   space 56832K, 0% used [0x00000007b0080000,0x00000007b0080000,0x00000007b3800000)
 ParOldGen       total 214528K, used 165263K [0x0000000740000000, 0x000000074d180000, 0x0000000795580000)
  object space 214528K, 77% used [0x0000000740000000,0x000000074a163d20,0x000000074d180000)
 Metaspace       used 123333K, capacity 125175K, committed 125460K, reserved 1155072K
  class space    used 18383K, capacity 18924K, committed 19004K, reserved 1048576K

Card table byte_map: [0x0000000107a65000,0x0000000107e66000] byte_map_base: 0x0000000104065000

Marking Bits: (ParMarkBitMap*) 0x0000000106efbe40
 Begin Bits: [0x0000000108111000, 0x000000010a111000)
 End Bits:   [0x000000010a111000, 0x000000010c111000)

Polling page: 0x0000000105df8000

CodeCache: size=245760Kb used=49856Kb max_used=51895Kb free=195903Kb
 bounds [0x0000000112867000, 0x0000000115b67000, 0x0000000121867000]
 total_blobs=17792 nmethods=17095 adapters=615
 compilation: enabled

Compilation events (10 events):
Event: 121722.504 Thread 0x00007ff8f3022000 20421       3       java.net.URLClassLoader$3::nextElement (27 bytes)
Event: 121722.504 Thread 0x00007ff8f3022000 nmethod 20421 0x00000001139aa3d0 code [0x00000001139aa560, 0x00000001139aa7f8]
Event: 121722.504 Thread 0x00007ff8f3022000 20422       3       scala.collection.immutable.HashSet::contains (12 bytes)
Event: 121722.505 Thread 0x00007ff8f3022000 nmethod 20422 0x0000000113f12b10 code [0x0000000113f12ca0, 0x0000000113f13258]
Event: 121722.506 Thread 0x00007ff8f3022000 20423       1       akka.util.ManifestInfo$::akka$util$ManifestInfo$$BundleName (5 bytes)
Event: 121722.506 Thread 0x00007ff8f3022000 nmethod 20423 0x00000001143abd10 code [0x00000001143abe60, 0x00000001143abf70]
Event: 121722.509 Thread 0x00007ff8f3022000 20424       3       java.io.ExpiringCache$1::removeEldestEntry (20 bytes)
Event: 121722.509 Thread 0x00007ff8f3022000 nmethod 20424 0x00000001139106d0 code [0x0000000113910840, 0x0000000113910ab0]
Event: 121722.517 Thread 0x00007ff8f3022000 20425       3       sun.net.util.URLUtil::urlNoFragString (114 bytes)
Event: 121722.518 Thread 0x00007ff8f3022000 nmethod 20425 0x00000001140e9410 code [0x00000001140e96a0, 0x00000001140eab98]

GC Heap History (10 events):
Event: 3293.106 GC heap before
{Heap before GC invocations=19 (full 4):
 PSYoungGen      total 386048K, used 385731K [0x0000000795580000, 0x00000007b1680000, 0x00000007c0000000)
  eden space 352256K, 100% used [0x0000000795580000,0x00000007aad80000,0x00000007aad80000)
  from space 33792K, 99% used [0x00000007af580000,0x00000007b1630e18,0x00000007b1680000)
  to   space 46592K, 0% used [0x00000007abb80000,0x00000007abb80000,0x00000007ae900000)
 ParOldGen       total 214528K, used 108209K [0x0000000740000000, 0x000000074d180000, 0x0000000795580000)
  object space 214528K, 50% used [0x0000000740000000,0x00000007469ac540,0x000000074d180000)
 Metaspace       used 120764K, capacity 122637K, committed 122772K, reserved 1153024K
  class space    used 18252K, capacity 18784K, committed 18876K, reserved 1048576K
Event: 3294.006 GC heap after
Heap after GC invocations=19 (full 4):
 PSYoungGen      total 413184K, used 46584K [0x0000000795580000, 0x00000007b7380000, 0x00000007c0000000)
  eden space 366592K, 0% used [0x0000000795580000,0x0000000795580000,0x00000007abb80000)
  from space 46592K, 99% used [0x00000007abb80000,0x00000007ae8fe290,0x00000007ae900000)
  to   space 61440K, 0% used [0x00000007b3780000,0x00000007b3780000,0x00000007b7380000)
 ParOldGen       total 214528K, used 127538K [0x0000000740000000, 0x000000074d180000, 0x0000000795580000)
  object space 214528K, 59% used [0x0000000740000000,0x0000000747c8cbb0,0x000000074d180000)
 Metaspace       used 120764K, capacity 122637K, committed 122772K, reserved 1153024K
  class space    used 18252K, capacity 18784K, committed 18876K, reserved 1048576K
}
Event: 38411.830 GC heap before
{Heap before GC invocations=20 (full 4):
 PSYoungGen      total 413184K, used 413176K [0x0000000795580000, 0x00000007b7380000, 0x00000007c0000000)
  eden space 366592K, 100% used [0x0000000795580000,0x00000007abb80000,0x00000007abb80000)
  from space 46592K, 99% used [0x00000007abb80000,0x00000007ae8fe290,0x00000007ae900000)
  to   space 61440K, 0% used [0x00000007b3780000,0x00000007b3780000,0x00000007b7380000)
 ParOldGen       total 214528K, used 127538K [0x0000000740000000, 0x000000074d180000, 0x0000000795580000)
  object space 214528K, 59% used [0x0000000740000000,0x0000000747c8cbb0,0x000000074d180000)
 Metaspace       used 120980K, capacity 122829K, committed 123028K, reserved 1153024K
  class space    used 18252K, capacity 18784K, committed 18876K, reserved 1048576K
Event: 38412.617 GC heap after
Heap after GC invocations=20 (full 4):
 PSYoungGen      total 493568K, used 768K [0x0000000795580000, 0x00000007b7700000, 0x00000007c0000000)
  eden space 432128K, 0% used [0x0000000795580000,0x0000000795580000,0x00000007afb80000)
  from space 61440K, 1% used [0x00000007b3780000,0x00000007b3840000,0x00000007b7380000)
  to   space 61440K, 0% used [0x00000007afb80000,0x00000007afb80000,0x00000007b3780000)
 ParOldGen       total 214528K, used 165239K [0x0000000740000000, 0x000000074d180000, 0x0000000795580000)
  object space 214528K, 77% used [0x0000000740000000,0x000000074a15dd20,0x000000074d180000)
 Metaspace       used 120980K, capacity 122829K, committed 123028K, reserved 1153024K
  class space    used 18252K, capacity 18784K, committed 18876K, reserved 1048576K
}
Event: 80631.359 GC heap before
{Heap before GC invocations=21 (full 4):
 PSYoungGen      total 493568K, used 432896K [0x0000000795580000, 0x00000007b7700000, 0x00000007c0000000)
  eden space 432128K, 100% used [0x0000000795580000,0x00000007afb80000,0x00000007afb80000)
  from space 61440K, 1% used [0x00000007b3780000,0x00000007b3840000,0x00000007b7380000)
  to   space 61440K, 0% used [0x00000007afb80000,0x00000007afb80000,0x00000007b3780000)
 ParOldGen       total 214528K, used 165239K [0x0000000740000000, 0x000000074d180000, 0x0000000795580000)
  object space 214528K, 77% used [0x0000000740000000,0x000000074a15dd20,0x000000074d180000)
 Metaspace       used 121051K, capacity 122893K, committed 123028K, reserved 1153024K
  class space    used 18252K, capacity 18784K, committed 18876K, reserved 1048576K
Event: 80631.696 GC heap after
Heap after GC invocations=21 (full 4):
 PSYoungGen      total 415232K, used 768K [0x0000000795580000, 0x00000007b6000000, 0x00000007c0000000)
  eden space 414208K, 0% used [0x0000000795580000,0x0000000795580000,0x00000007aea00000)
  from space 1024K, 75% used [0x00000007afb80000,0x00000007afc40000,0x00000007afc80000)
  to   space 60416K, 0% used [0x00000007b2500000,0x00000007b2500000,0x00000007b6000000)
 ParOldGen       total 214528K, used 165247K [0x0000000740000000, 0x000000074d180000, 0x0000000795580000)
  object space 214528K, 77% used [0x0000000740000000,0x000000074a15fd20,0x000000074d180000)
 Metaspace       used 121051K, capacity 122893K, committed 123028K, reserved 1153024K
  class space    used 18252K, capacity 18784K, committed 18876K, reserved 1048576K
}
Event: 120864.059 GC heap before
{Heap before GC invocations=22 (full 4):
 PSYoungGen      total 415232K, used 414976K [0x0000000795580000, 0x00000007b6000000, 0x00000007c0000000)
  eden space 414208K, 100% used [0x0000000795580000,0x00000007aea00000,0x00000007aea00000)
  from space 1024K, 75% used [0x00000007afb80000,0x00000007afc40000,0x00000007afc80000)
  to   space 60416K, 0% used [0x00000007b2500000,0x00000007b2500000,0x00000007b6000000)
 ParOldGen       total 214528K, used 165247K [0x0000000740000000, 0x000000074d180000, 0x0000000795580000)
  object space 214528K, 77% used [0x0000000740000000,0x000000074a15fd20,0x000000074d180000)
 Metaspace       used 121109K, capacity 123021K, committed 123284K, reserved 1153024K
  class space    used 18252K, capacity 18784K, committed 18876K, reserved 1048576K
Event: 120864.191 GC heap after
Heap after GC invocations=22 (full 4):
 PSYoungGen      total 437760K, used 768K [0x0000000795580000, 0x00000007b4d00000, 0x00000007c0000000)
  eden space 396800K, 0% used [0x0000000795580000,0x0000000795580000,0x00000007ad900000)
  from space 40960K, 1% used [0x00000007b2500000,0x00000007b25c0000,0x00000007b4d00000)
  to   space 59392K, 0% used [0x00000007ad900000,0x00000007ad900000,0x00000007b1300000)
 ParOldGen       total 214528K, used 165255K [0x0000000740000000, 0x000000074d180000, 0x0000000795580000)
  object space 214528K, 77% used [0x0000000740000000,0x000000074a161d20,0x000000074d180000)
 Metaspace       used 121109K, capacity 123021K, committed 123284K, reserved 1153024K
  class space    used 18252K, capacity 18784K, committed 18876K, reserved 1048576K
}
Event: 121722.197 GC heap before
{Heap before GC invocations=23 (full 4):
 PSYoungGen      total 437760K, used 397568K [0x0000000795580000, 0x00000007b4d00000, 0x00000007c0000000)
  eden space 396800K, 100% used [0x0000000795580000,0x00000007ad900000,0x00000007ad900000)
  from space 40960K, 1% used [0x00000007b2500000,0x00000007b25c0000,0x00000007b4d00000)
  to   space 59392K, 0% used [0x00000007ad900000,0x00000007ad900000,0x00000007b1300000)
 ParOldGen       total 214528K, used 165255K [0x0000000740000000, 0x000000074d180000, 0x0000000795580000)
  object space 214528K, 77% used [0x0000000740000000,0x000000074a161d20,0x000000074d180000)
 Metaspace       used 123055K, capacity 124843K, committed 124948K, reserved 1155072K
  class space    used 18380K, capacity 18921K, committed 19004K, reserved 1048576K
Event: 121722.250 GC heap after
Heap after GC invocations=23 (full 4):
 PSYoungGen      total 388608K, used 7774K [0x0000000795580000, 0x00000007b3800000, 0x00000007c0000000)
  eden space 380416K, 0% used [0x0000000795580000,0x0000000795580000,0x00000007ac900000)
  from space 8192K, 94% used [0x00000007ad900000,0x00000007ae097948,0x00000007ae100000)
  to   space 56832K, 0% used [0x00000007b0080000,0x00000007b0080000,0x00000007b3800000)
 ParOldGen       total 214528K, used 165263K [0x0000000740000000, 0x000000074d180000, 0x0000000795580000)
  object space 214528K, 77% used [0x0000000740000000,0x000000074a163d20,0x000000074d180000)
 Metaspace       used 123055K, capacity 124843K, committed 124948K, reserved 1155072K
  class space    used 18380K, capacity 18921K, committed 19004K, reserved 1048576K
}

Deoptimization events (10 events):
Event: 121722.120 Thread 0x00007ff8f6fef000 Uncommon trap: reason=bimorphic action=maybe_recompile pc=0x0000000114b2956c method=com.google.common.collect.ImmutableSet.rebuildHashTable(I[Ljava/lang/Object;I)[Ljava/lang/Object; @ 28
Event: 121722.120 Thread 0x00007ff8f6fef000 Uncommon trap: reason=bimorphic action=maybe_recompile pc=0x0000000114b2c104 method=com.google.common.collect.ImmutableSet$RegularSetBuilderImpl.add(Ljava/lang/Object;)Lcom/google/common/collect/ImmutableSet$SetBuilderImpl; @ 95
Event: 121722.120 Thread 0x00007ff8f6fef000 Uncommon trap: reason=bimorphic action=maybe_recompile pc=0x0000000114b2c104 method=com.google.common.collect.ImmutableSet$RegularSetBuilderImpl.add(Ljava/lang/Object;)Lcom/google/common/collect/ImmutableSet$SetBuilderImpl; @ 95
Event: 121722.120 Thread 0x00007ff8f6fef000 Uncommon trap: reason=bimorphic action=maybe_recompile pc=0x0000000114b2c104 method=com.google.common.collect.ImmutableSet$RegularSetBuilderImpl.add(Ljava/lang/Object;)Lcom/google/common/collect/ImmutableSet$SetBuilderImpl; @ 95
Event: 121722.120 Thread 0x00007ff8f6fef000 Uncommon trap: reason=bimorphic action=maybe_recompile pc=0x0000000114b2956c method=com.google.common.collect.ImmutableSet.rebuildHashTable(I[Ljava/lang/Object;I)[Ljava/lang/Object; @ 28
Event: 121722.124 Thread 0x00007ff8f6fef000 Uncommon trap: reason=bimorphic action=maybe_recompile pc=0x0000000114b2956c method=com.google.common.collect.ImmutableSet.rebuildHashTable(I[Ljava/lang/Object;I)[Ljava/lang/Object; @ 28
Event: 121722.127 Thread 0x00007ff8f6fef000 Uncommon trap: reason=bimorphic action=maybe_recompile pc=0x0000000114b2956c method=com.google.common.collect.ImmutableSet.rebuildHashTable(I[Ljava/lang/Object;I)[Ljava/lang/Object; @ 28
Event: 121722.144 Thread 0x00007ff8f6fef000 Uncommon trap: reason=unstable_if action=reinterpret pc=0x0000000114cc2798 method=java.util.Arrays.hashCode([Ljava/lang/Object;)I @ 34
Event: 121722.192 Thread 0x00007ff8f6fef000 Uncommon trap: reason=unstable_if action=reinterpret pc=0x0000000114886a54 method=com.google.inject.internal.cglib.core.$CodeEmitter.emit_invoke(ILcom/google/inject/internal/asm/$Type;Lcom/google/inject/internal/cglib/core/$Signature;)V @ 24
Event: 121722.493 Thread 0x00007ff8f41da800 Uncommon trap: reason=unstable_if action=reinterpret pc=0x0000000114e0e358 method=java.util.concurrent.locks.AbstractQueuedSynchronizer.enq(Ljava/util/concurrent/locks/AbstractQueuedSynchronizer$Node;)Ljava/util/concurrent/locks/AbstractQueuedSynchronizer

Classes redefined (0 events):
No events

Internal exceptions (10 events):
Event: 116828.540 Thread 0x00007ff8f9837000 Exception <a 'java/net/ConnectException'> (0x0000000797715b98) thrown at [/Users/java_re/workspace/8-2-build-macosx-x86_64/jdk8u202/12323/hotspot/src/share/vm/prims/jni.cpp, line 710]
Event: 117428.547 Thread 0x00007ff8f829f800 Exception <a 'java/net/ConnectException'> (0x0000000797ed1928) thrown at [/Users/java_re/workspace/8-2-build-macosx-x86_64/jdk8u202/12323/hotspot/src/share/vm/prims/jni.cpp, line 710]
Event: 118028.567 Thread 0x00007ff8f4e30000 Exception <a 'java/net/ConnectException'> (0x0000000798420998) thrown at [/Users/java_re/workspace/8-2-build-macosx-x86_64/jdk8u202/12323/hotspot/src/share/vm/prims/jni.cpp, line 710]
Event: 118628.616 Thread 0x00007ff8f82b2000 Exception <a 'java/net/ConnectException'> (0x0000000798970a68) thrown at [/Users/java_re/workspace/8-2-build-macosx-x86_64/jdk8u202/12323/hotspot/src/share/vm/prims/jni.cpp, line 710]
Event: 119228.753 Thread 0x00007ff8f804a800 Exception <a 'java/net/ConnectException'> (0x0000000795b520a8) thrown at [/Users/java_re/workspace/8-2-build-macosx-x86_64/jdk8u202/12323/hotspot/src/share/vm/prims/jni.cpp, line 710]
Event: 119828.820 Thread 0x00007ff8f4dda000 Exception <a 'java/net/ConnectException'> (0x00000007960da220) thrown at [/Users/java_re/workspace/8-2-build-macosx-x86_64/jdk8u202/12323/hotspot/src/share/vm/prims/jni.cpp, line 710]
Event: 120428.847 Thread 0x00007ff8f6dc2800 Exception <a 'java/net/ConnectException'> (0x0000000796a36948) thrown at [/Users/java_re/workspace/8-2-build-macosx-x86_64/jdk8u202/12323/hotspot/src/share/vm/prims/jni.cpp, line 710]
Event: 121028.873 Thread 0x00007ff8f829c000 Exception <a 'java/net/ConnectException'> (0x0000000795b85898) thrown at [/Users/java_re/workspace/8-2-build-macosx-x86_64/jdk8u202/12323/hotspot/src/share/vm/prims/jni.cpp, line 710]
Event: 121628.893 Thread 0x00007ff8f9837000 Exception <a 'java/net/ConnectException'> (0x00000007962dc378) thrown at [/Users/java_re/workspace/8-2-build-macosx-x86_64/jdk8u202/12323/hotspot/src/share/vm/prims/jni.cpp, line 710]
Event: 121722.144 Thread 0x00007ff8f6fef000 Implicit null exception at 0x0000000114cc26be to 0x0000000114cc2775

Events (10 events):
Event: 121722.493 Thread 0x00007ff8f5749800 DEOPT PACKING pc=0x0000000114897304 sp=0x00007000057dfdd0
Event: 121722.493 Thread 0x00007ff8f5749800 DEOPT UNPACKING pc=0x00000001128ae784 sp=0x00007000057dfb20 mode 1
Event: 121722.493 Thread 0x00007ff8f41da800 Uncommon trap: trap_request=0xffffff65 fr.pc=0x0000000114e0e358
Event: 121722.493 Thread 0x00007ff8f41da800 DEOPT PACKING pc=0x0000000114e0e358 sp=0x00007000056dcbc0
Event: 121722.493 Thread 0x00007ff8f41da800 DEOPT UNPACKING pc=0x00000001128ac73a sp=0x00007000056dcac0 mode 2
Event: 121722.494 Executing VM operation: RevokeBias
Event: 121722.495 Executing VM operation: RevokeBias done
Event: 121722.496 Thread 0x00007ff8f41da800 DEOPT PACKING pc=0x0000000115ada4e3 sp=0x00007000056dd720
Event: 121722.496 Thread 0x00007ff8f41da800 DEOPT UNPACKING pc=0x00000001128ae784 sp=0x00007000056dd4d0 mode 0
Event: 121722.496 Thread 0x00007ff8f41db800 Thread added: 0x00007ff8f41db800


Dynamic libraries:
0x00007fff3cf6b000 	/System/Library/Frameworks/Cocoa.framework/Versions/A/Cocoa
0x00007fff48d0f000 	/System/Library/Frameworks/Security.framework/Versions/A/Security
0x00007fff3bbfe000 	/System/Library/Frameworks/ApplicationServices.framework/Versions/A/ApplicationServices
0x00007fff68e1f000 	/usr/lib/libz.1.dylib
0x00007fff66779000 	/usr/lib/libSystem.B.dylib
0x00007fff67fb0000 	/usr/lib/libobjc.A.dylib
0x00007fff3d7e0000 	/System/Library/Frameworks/CoreFoundation.framework/Versions/A/CoreFoundation
0x00007fff3fa62000 	/System/Library/Frameworks/Foundation.framework/Versions/C/Foundation
0x00007fff3adf7000 	/System/Library/Frameworks/AppKit.framework/Versions/C/AppKit
0x00007fff3d369000 	/System/Library/Frameworks/CoreData.framework/Versions/A/CoreData
0x00007fff6023f000 	/System/Library/PrivateFrameworks/RemoteViewServices.framework/Versions/A/RemoteViewServices
0x00007fff644b6000 	/System/Library/PrivateFrameworks/UIFoundation.framework/Versions/A/UIFoundation
0x00007fff65b9a000 	/System/Library/PrivateFrameworks/XCTTargetBootstrap.framework/Versions/A/XCTTargetBootstrap
0x00007fff3d6ef000 	/System/Library/Frameworks/CoreDisplay.framework/Versions/A/CoreDisplay
0x00007fff5af54000 	/System/Library/PrivateFrameworks/IconServices.framework/Versions/A/IconServices
0x00007fff42383000 	/System/Library/Frameworks/Metal.framework/Versions/A/Metal
0x00007fff52499000 	/System/Library/PrivateFrameworks/DesktopServicesPriv.framework/Versions/A/DesktopServicesPriv
0x00007fff67313000 	/usr/lib/libenergytrace.dylib
0x00007fff6299d000 	/System/Library/PrivateFrameworks/SkyLight.framework/Versions/A/SkyLight
0x00007fff3dc26000 	/System/Library/Frameworks/CoreGraphics.framework/Versions/A/CoreGraphics
0x00007fff39bc3000 	/System/Library/Frameworks/Accelerate.framework/Versions/A/Accelerate
0x00007fff401ab000 	/System/Library/Frameworks/IOSurface.framework/Versions/A/IOSurface
0x00007fff52305000 	/System/Library/PrivateFrameworks/DFRFoundation.framework/Versions/A/DFRFoundation
0x00007fff3c0e1000 	/System/Library/Frameworks/AudioToolbox.framework/Versions/A/AudioToolbox
0x00007fff3c35a000 	/System/Library/Frameworks/AudioUnit.framework/Versions/A/AudioUnit
0x00007fff5239a000 	/System/Library/PrivateFrameworks/DataDetectorsCore.framework/Versions/A/DataDetectorsCore
0x00007fff3ca6e000 	/System/Library/Frameworks/Carbon.framework/Versions/A/Frameworks/HIToolbox.framework/Versions/A/HIToolbox
0x00007fff6746c000 	/usr/lib/libicucore.A.dylib
0x00007fff48282000 	/System/Library/Frameworks/QuartzCore.framework/Versions/A/QuartzCore
0x00007fff3ce43000 	/System/Library/Frameworks/Carbon.framework/Versions/A/Frameworks/SpeechRecognition.framework/Versions/A/SpeechRecognition
0x00007fff668cd000 	/usr/lib/libauto.dylib
0x00007fff68d13000 	/usr/lib/libxml2.2.dylib
0x00007fff51ee0000 	/System/Library/PrivateFrameworks/CoreUI.framework/Versions/A/CoreUI
0x00007fff3d254000 	/System/Library/Frameworks/CoreAudio.framework/Versions/A/CoreAudio
0x00007fff3f897000 	/System/Library/Frameworks/DiskArbitration.framework/Versions/A/DiskArbitration
0x00007fff6771a000 	/usr/lib/liblangid.dylib
0x00007fff5c384000 	/System/Library/PrivateFrameworks/MultitouchSupport.framework/Versions/A/MultitouchSupport
0x00007fff4011a000 	/System/Library/Frameworks/IOKit.framework/Versions/A/IOKit
0x00007fff66339000 	/usr/lib/libDiagnosticMessagesClient.dylib
0x00007fff3ea35000 	/System/Library/Frameworks/CoreServices.framework/Versions/A/CoreServices
0x00007fff5e03e000 	/System/Library/PrivateFrameworks/PerformanceAnalysis.framework/Versions/A/PerformanceAnalysis
0x00007fff47470000 	/System/Library/Frameworks/OpenGL.framework/Versions/A/OpenGL
0x00007fff3cf79000 	/System/Library/Frameworks/ColorSync.framework/Versions/A/ColorSync
0x00007fff3e2b7000 	/System/Library/Frameworks/CoreImage.framework/Versions/A/CoreImage
0x00007fff3f40d000 	/System/Library/Frameworks/CoreText.framework/Versions/A/CoreText
0x00007fff4020e000 	/System/Library/Frameworks/ImageIO.framework/Versions/A/ImageIO
0x00007fff4e532000 	/System/Library/PrivateFrameworks/Backup.framework/Versions/A/Backup
0x00007fff66820000 	/usr/lib/libarchive.2.dylib
0x00007fff3c6b3000 	/System/Library/Frameworks/CFNetwork.framework/Versions/A/CFNetwork
0x00007fff4946b000 	/System/Library/Frameworks/SystemConfiguration.framework/Versions/A/SystemConfiguration
0x00007fff6626a000 	/usr/lib/libCRFSuite.dylib
0x00007fff669bc000 	/usr/lib/libc++.1.dylib
0x00007fff66a10000 	/usr/lib/libc++abi.dylib
0x00007fff69615000 	/usr/lib/system/libcache.dylib
0x00007fff6961a000 	/usr/lib/system/libcommonCrypto.dylib
0x00007fff69625000 	/usr/lib/system/libcompiler_rt.dylib
0x00007fff6962d000 	/usr/lib/system/libcopyfile.dylib
0x00007fff69637000 	/usr/lib/system/libcorecrypto.dylib
0x00007fff69742000 	/usr/lib/system/libdispatch.dylib
0x00007fff6977c000 	/usr/lib/system/libdyld.dylib
0x00007fff697a9000 	/usr/lib/system/libkeymgr.dylib
0x00007fff697b7000 	/usr/lib/system/liblaunch.dylib
0x00007fff697b8000 	/usr/lib/system/libmacho.dylib
0x00007fff697be000 	/usr/lib/system/libquarantine.dylib
0x00007fff697c1000 	/usr/lib/system/libremovefile.dylib
0x00007fff697c3000 	/usr/lib/system/libsystem_asl.dylib
0x00007fff697db000 	/usr/lib/system/libsystem_blocks.dylib
0x00007fff697dc000 	/usr/lib/system/libsystem_c.dylib
0x00007fff69864000 	/usr/lib/system/libsystem_configuration.dylib
0x00007fff69868000 	/usr/lib/system/libsystem_coreservices.dylib
0x00007fff6986c000 	/usr/lib/system/libsystem_darwin.dylib
0x00007fff69873000 	/usr/lib/system/libsystem_dnssd.dylib
0x00007fff6987a000 	/usr/lib/system/libsystem_info.dylib
0x00007fff698ef000 	/usr/lib/system/libsystem_m.dylib
0x00007fff6993b000 	/usr/lib/system/libsystem_malloc.dylib
0x00007fff69966000 	/usr/lib/system/libsystem_networkextension.dylib
0x00007fff69971000 	/usr/lib/system/libsystem_notify.dylib
0x00007fff6998e000 	/usr/lib/system/libsystem_sandbox.dylib
0x00007fff69992000 	/usr/lib/system/libsystem_secinit.dylib
0x00007fff698c6000 	/usr/lib/system/libsystem_kernel.dylib
0x00007fff69979000 	/usr/lib/system/libsystem_platform.dylib
0x00007fff69983000 	/usr/lib/system/libsystem_pthread.dylib
0x00007fff69995000 	/usr/lib/system/libsystem_symptoms.dylib
0x00007fff6999d000 	/usr/lib/system/libsystem_trace.dylib
0x00007fff699b4000 	/usr/lib/system/libunwind.dylib
0x00007fff699ba000 	/usr/lib/system/libxpc.dylib
0x00007fff6699d000 	/usr/lib/libbsm.0.dylib
0x00007fff697aa000 	/usr/lib/system/libkxld.dylib
0x00007fff4d923000 	/System/Library/PrivateFrameworks/AppleFSCompression.framework/Versions/A/AppleFSCompression
0x00007fff66639000 	/usr/lib/libOpenScriptingUtil.dylib
0x00007fff66cc5000 	/usr/lib/libcoretls.dylib
0x00007fff66cdc000 	/usr/lib/libcoretls_cfhelpers.dylib
0x00007fff68747000 	/usr/lib/libpam.2.dylib
0x00007fff68907000 	/usr/lib/libsqlite3.dylib
0x00007fff68d01000 	/usr/lib/libxar.1.dylib
0x00007fff669ae000 	/usr/lib/libbz2.1.0.dylib
0x00007fff6771c000 	/usr/lib/liblzma.5.dylib
0x00007fff67bcd000 	/usr/lib/libnetwork.dylib
0x00007fff66809000 	/usr/lib/libapple_nghttp2.dylib
0x00007fff6874e000 	/usr/lib/libpcap.A.dylib
0x00007fff3edd4000 	/System/Library/Frameworks/CoreServices.framework/Versions/A/Frameworks/FSEvents.framework/Versions/A/FSEvents
0x00007fff3eab3000 	/System/Library/Frameworks/CoreServices.framework/Versions/A/Frameworks/CarbonCore.framework/Versions/A/CarbonCore
0x00007fff3ef8f000 	/System/Library/Frameworks/CoreServices.framework/Versions/A/Frameworks/Metadata.framework/Versions/A/Metadata
0x00007fff3f02e000 	/System/Library/Frameworks/CoreServices.framework/Versions/A/Frameworks/OSServices.framework/Versions/A/OSServices
0x00007fff3f079000 	/System/Library/Frameworks/CoreServices.framework/Versions/A/Frameworks/SearchKit.framework/Versions/A/SearchKit
0x00007fff3ea36000 	/System/Library/Frameworks/CoreServices.framework/Versions/A/Frameworks/AE.framework/Versions/A/AE
0x00007fff3eddd000 	/System/Library/Frameworks/CoreServices.framework/Versions/A/Frameworks/LaunchServices.framework/Versions/A/LaunchServices
0x00007fff3ed8b000 	/System/Library/Frameworks/CoreServices.framework/Versions/A/Frameworks/DictionaryServices.framework/Versions/A/DictionaryServices
0x00007fff3f0e1000 	/System/Library/Frameworks/CoreServices.framework/Versions/A/Frameworks/SharedFileList.framework/Versions/A/SharedFileList
0x00007fff4344b000 	/System/Library/Frameworks/NetFS.framework/Versions/A/NetFS
0x00007fff5c5ea000 	/System/Library/PrivateFrameworks/NetAuth.framework/Versions/A/NetAuth
0x00007fff65f9e000 	/System/Library/PrivateFrameworks/login.framework/Versions/A/Frameworks/loginsupport.framework/Versions/A/loginsupport
0x00007fff640bf000 	/System/Library/PrivateFrameworks/TCC.framework/Versions/A/TCC
0x00007fff5153d000 	/System/Library/PrivateFrameworks/CoreNLP.framework/Versions/A/CoreNLP
0x00007fff5c05a000 	/System/Library/PrivateFrameworks/MetadataUtilities.framework/Versions/A/MetadataUtilities
0x00007fff677f1000 	/usr/lib/libmecabra.dylib
0x00007fff3bbff000 	/System/Library/Frameworks/ApplicationServices.framework/Versions/A/Frameworks/ATS.framework/Versions/A/ATS
0x00007fff3bf4e000 	/System/Library/Frameworks/ApplicationServices.framework/Versions/A/Frameworks/ColorSyncLegacy.framework/Versions/A/ColorSyncLegacy
0x00007fff3bfed000 	/System/Library/Frameworks/ApplicationServices.framework/Versions/A/Frameworks/HIServices.framework/Versions/A/HIServices
0x00007fff3c040000 	/System/Library/Frameworks/ApplicationServices.framework/Versions/A/Frameworks/LangAnalysis.framework/Versions/A/LangAnalysis
0x00007fff3c050000 	/System/Library/Frameworks/ApplicationServices.framework/Versions/A/Frameworks/PrintCore.framework/Versions/A/PrintCore
0x00007fff3c09a000 	/System/Library/Frameworks/ApplicationServices.framework/Versions/A/Frameworks/QD.framework/Versions/A/QD
0x00007fff3c0d4000 	/System/Library/Frameworks/ApplicationServices.framework/Versions/A/Frameworks/SpeechSynthesis.framework/Versions/A/SpeechSynthesis
0x00007fff66a38000 	/usr/lib/libcompression.dylib
0x00007fff42653000 	/System/Library/Frameworks/MetalPerformanceShaders.framework/Versions/A/MetalPerformanceShaders
0x00007fff39bdb000 	/System/Library/Frameworks/Accelerate.framework/Versions/A/Frameworks/vImage.framework/Versions/A/vImage
0x00007fff3ac55000 	/System/Library/Frameworks/Accelerate.framework/Versions/A/Frameworks/vecLib.framework/Versions/A/vecLib
0x00007fff3aba1000 	/System/Library/Frameworks/Accelerate.framework/Versions/A/Frameworks/vecLib.framework/Versions/A/libvMisc.dylib
0x00007fff3a9b9000 	/System/Library/Frameworks/Accelerate.framework/Versions/A/Frameworks/vecLib.framework/Versions/A/libvDSP.dylib
0x00007fff3a275000 	/System/Library/Frameworks/Accelerate.framework/Versions/A/Frameworks/vecLib.framework/Versions/A/libBLAS.dylib
0x00007fff3a562000 	/System/Library/Frameworks/Accelerate.framework/Versions/A/Frameworks/vecLib.framework/Versions/A/libLAPACK.dylib
0x00007fff3a90c000 	/System/Library/Frameworks/Accelerate.framework/Versions/A/Frameworks/vecLib.framework/Versions/A/libLinearAlgebra.dylib
0x00007fff3a9a5000 	/System/Library/Frameworks/Accelerate.framework/Versions/A/Frameworks/vecLib.framework/Versions/A/libSparseBLAS.dylib
0x00007fff3a922000 	/System/Library/Frameworks/Accelerate.framework/Versions/A/Frameworks/vecLib.framework/Versions/A/libQuadrature.dylib
0x00007fff3a4ef000 	/System/Library/Frameworks/Accelerate.framework/Versions/A/Frameworks/vecLib.framework/Versions/A/libBNNS.dylib
0x00007fff3a928000 	/System/Library/Frameworks/Accelerate.framework/Versions/A/Frameworks/vecLib.framework/Versions/A/libSparse.dylib
0x00007fff5888b000 	/System/Library/PrivateFrameworks/GPUWrangler.framework/Versions/A/GPUWrangler
0x00007fff5ab89000 	/System/Library/PrivateFrameworks/IOAccelerator.framework/Versions/A/IOAccelerator
0x00007fff5ab94000 	/System/Library/PrivateFrameworks/IOPresentment.framework/Versions/A/IOPresentment
0x00007fff52315000 	/System/Library/PrivateFrameworks/DSExternalDisplay.framework/Versions/A/DSExternalDisplay
0x00007fff468c7000 	/System/Library/Frameworks/OpenGL.framework/Versions/A/Libraries/libCoreFSCache.dylib
0x00007fff42447000 	/System/Library/Frameworks/MetalPerformanceShaders.framework/Frameworks/MPSCore.framework/Versions/A/MPSCore
0x00007fff42467000 	/System/Library/Frameworks/MetalPerformanceShaders.framework/Frameworks/MPSImage.framework/Versions/A/MPSImage
0x00007fff4250c000 	/System/Library/Frameworks/MetalPerformanceShaders.framework/Frameworks/MPSNeuralNetwork.framework/Versions/A/MPSNeuralNetwork
0x00007fff424e4000 	/System/Library/Frameworks/MetalPerformanceShaders.framework/Frameworks/MPSMatrix.framework/Versions/A/MPSMatrix
0x00007fff42638000 	/System/Library/Frameworks/MetalPerformanceShaders.framework/Frameworks/MPSRayIntersector.framework/Versions/A/MPSRayIntersector
0x00007fff5c083000 	/System/Library/PrivateFrameworks/MetalTools.framework/Versions/A/MetalTools
0x00007fff4d1cd000 	/System/Library/PrivateFrameworks/AggregateDictionary.framework/Versions/A/AggregateDictionary
0x00007fff66619000 	/usr/lib/libMobileGestalt.dylib
0x00007fff3f570000 	/System/Library/Frameworks/CoreVideo.framework/Versions/A/CoreVideo
0x00007fff5969c000 	/System/Library/PrivateFrameworks/GraphVisualizer.framework/Versions/A/GraphVisualizer
0x00007fff5351b000 	/System/Library/PrivateFrameworks/FaceCore.framework/Versions/A/FaceCore
0x00007fff45ef5000 	/System/Library/Frameworks/OpenCL.framework/Versions/A/OpenCL
0x00007fff66371000 	/usr/lib/libFosl_dynamic.dylib
0x00007fff5ce55000 	/System/Library/PrivateFrameworks/OTSVG.framework/Versions/A/OTSVG
0x00007fff3bd03000 	/System/Library/Frameworks/ApplicationServices.framework/Versions/A/Frameworks/ATS.framework/Versions/A/Resources/libFontParser.dylib
0x00007fff3be1b000 	/System/Library/Frameworks/ApplicationServices.framework/Versions/A/Frameworks/ATS.framework/Versions/A/Resources/libFontRegistry.dylib
0x00007fff4047c000 	/System/Library/Frameworks/ImageIO.framework/Versions/A/Resources/libJPEG.dylib
0x00007fff4078e000 	/System/Library/Frameworks/ImageIO.framework/Versions/A/Resources/libTIFF.dylib
0x00007fff40764000 	/System/Library/Frameworks/ImageIO.framework/Versions/A/Resources/libPng.dylib
0x00007fff4039a000 	/System/Library/Frameworks/ImageIO.framework/Versions/A/Resources/libGIF.dylib
0x00007fff4039f000 	/System/Library/Frameworks/ImageIO.framework/Versions/A/Resources/libJP2.dylib
0x00007fff4078b000 	/System/Library/Frameworks/ImageIO.framework/Versions/A/Resources/libRadiance.dylib
0x00007fff4da7a000 	/System/Library/PrivateFrameworks/AppleJPEG.framework/Versions/A/AppleJPEG
0x00007fff468d2000 	/System/Library/Frameworks/OpenGL.framework/Versions/A/Libraries/libGFXShared.dylib
0x00007fff46a95000 	/System/Library/Frameworks/OpenGL.framework/Versions/A/Libraries/libGLU.dylib
0x00007fff468db000 	/System/Library/Frameworks/OpenGL.framework/Versions/A/Libraries/libGL.dylib
0x00007fff468e7000 	/System/Library/Frameworks/OpenGL.framework/Versions/A/Libraries/libGLImage.dylib
0x00007fff468c4000 	/System/Library/Frameworks/OpenGL.framework/Versions/A/Libraries/libCVMSPluginSupport.dylib
0x00007fff468cd000 	/System/Library/Frameworks/OpenGL.framework/Versions/A/Libraries/libCoreVMClient.dylib
0x00007fff67189000 	/usr/lib/libcups.2.dylib
0x00007fff4194e000 	/System/Library/Frameworks/Kerberos.framework/Versions/A/Kerberos
0x00007fff3fe7e000 	/System/Library/Frameworks/GSS.framework/Versions/A/GSS
0x00007fff6889c000 	/usr/lib/libresolv.9.dylib
0x00007fff6737b000 	/usr/lib/libiconv.2.dylib
0x00007fff59811000 	/System/Library/PrivateFrameworks/Heimdal.framework/Versions/A/Heimdal
0x00007fff6734b000 	/usr/lib/libheimdal-asn1.dylib
0x00007fff45f69000 	/System/Library/Frameworks/OpenDirectory.framework/Versions/A/OpenDirectory
0x00007fff502a0000 	/System/Library/PrivateFrameworks/CommonAuth.framework/Versions/A/CommonAuth
0x00007fff45f4d000 	/System/Library/Frameworks/OpenDirectory.framework/Versions/A/Frameworks/CFOpenDirectory.framework/Versions/A/CFOpenDirectory
0x00007fff49010000 	/System/Library/Frameworks/SecurityFoundation.framework/Versions/A/SecurityFoundation
0x00007fff4c714000 	/System/Library/PrivateFrameworks/APFS.framework/Versions/A/APFS
0x00007fff68cfd000 	/usr/lib/libutil.dylib
0x00007fff66a26000 	/usr/lib/libcharset.1.dylib
0x00007fff4dd17000 	/System/Library/PrivateFrameworks/AppleSauce.framework/Versions/A/AppleSauce
0x00007fff4de98000 	/System/Library/PrivateFrameworks/AssertionServices.framework/Versions/A/AssertionServices
0x00007fff4e5c8000 	/System/Library/PrivateFrameworks/BaseBoard.framework/Versions/A/BaseBoard
0x00007fff6774c000 	/usr/lib/libmecab.1.0.0.dylib
0x00007fff67345000 	/usr/lib/libgermantok.dylib
0x00007fff667f6000 	/usr/lib/libThaiTokenizer.dylib
0x00007fff662a1000 	/usr/lib/libChineseTokenizer.dylib
0x00007fff5b241000 	/System/Library/PrivateFrameworks/LanguageModeling.framework/Versions/A/LanguageModeling
0x00007fff50f82000 	/System/Library/PrivateFrameworks/CoreEmoji.framework/Versions/A/CoreEmoji
0x00007fff5b31d000 	/System/Library/PrivateFrameworks/Lexicon.framework/Versions/A/Lexicon
0x00007fff5b360000 	/System/Library/PrivateFrameworks/LinguisticData.framework/Versions/A/LinguisticData
0x00007fff66a27000 	/usr/lib/libcmph.dylib
0x00007fff490ce000 	/System/Library/Frameworks/ServiceManagement.framework/Versions/A/ServiceManagement
0x00007fff4e529000 	/System/Library/PrivateFrameworks/BackgroundTaskManagement.framework/Versions/A/BackgroundTaskManagement
0x00007fff68df6000 	/usr/lib/libxslt.1.dylib
0x00007fff3cd70000 	/System/Library/Frameworks/Carbon.framework/Versions/A/Frameworks/Ink.framework/Versions/A/Ink
0x00007fff64331000 	/System/Library/PrivateFrameworks/TextureIO.framework/Versions/A/TextureIO
0x00007fff6684a000 	/usr/lib/libate.dylib
0x00007fff52264000 	/System/Library/PrivateFrameworks/CrashReporterSupport.framework/Versions/A/CrashReporterSupport
0x00007fff61a6b000 	/System/Library/PrivateFrameworks/Sharing.framework/Versions/A/Sharing
0x00007fff4e27b000 	/System/Library/PrivateFrameworks/AuthKit.framework/Versions/A/AuthKit
0x00007fff4d7cf000 	/System/Library/PrivateFrameworks/Apple80211.framework/Versions/A/Apple80211
0x00007fff5200c000 	/System/Library/PrivateFrameworks/CoreUtils.framework/Versions/A/CoreUtils
0x00007fff3f5b1000 	/System/Library/Frameworks/CoreWLAN.framework/Versions/A/CoreWLAN
0x00007fff3ffad000 	/System/Library/Frameworks/IOBluetooth.framework/Versions/A/IOBluetooth
0x00007fff5fedf000 	/System/Library/PrivateFrameworks/ProtocolBuffer.framework/Versions/A/ProtocolBuffer
0x00007fff5c2e0000 	/System/Library/PrivateFrameworks/MobileKeyBag.framework/Versions/A/MobileKeyBag
0x00007fff51850000 	/System/Library/PrivateFrameworks/CorePhoneNumbers.framework/Versions/A/CorePhoneNumbers
0x00007fff4da2e000 	/System/Library/PrivateFrameworks/AppleIDAuthSupport.framework/Versions/A/AppleIDAuthSupport
0x00007fff5b214000 	/System/Library/PrivateFrameworks/KeychainCircle.framework/Versions/A/KeychainCircle
0x00007fff60095000 	/System/Library/PrivateFrameworks/ROCKit.framework/Versions/A/ROCKit
0x00007fff52200000 	/System/Library/PrivateFrameworks/CoreWiFi.framework/Versions/A/CoreWiFi
0x00007fff3d33e000 	/System/Library/Frameworks/CoreBluetooth.framework/Versions/A/CoreBluetooth
0x00007fff5245b000 	/System/Library/PrivateFrameworks/DebugSymbols.framework/Versions/A/DebugSymbols
0x00007fff51dcc000 	/System/Library/PrivateFrameworks/CoreSymbolication.framework/Versions/A/CoreSymbolication
0x00007fff63b4c000 	/System/Library/PrivateFrameworks/Symbolication.framework/Versions/A/Symbolication
0x00007fff633ef000 	/System/Library/PrivateFrameworks/SpeechRecognitionCore.framework/Versions/A/SpeechRecognitionCore
0x0000000106600000 	/Library/Java/JavaVirtualMachines/jdk1.8.0_202.jdk/Contents/Home/jre/lib/server/libjvm.dylib
0x00007fff68bd8000 	/usr/lib/libstdc++.6.dylib
0x0000000105dea000 	/Library/Java/JavaVirtualMachines/jdk1.8.0_202.jdk/Contents/Home/jre/lib/libverify.dylib
0x00000001075b9000 	/Library/Java/JavaVirtualMachines/jdk1.8.0_202.jdk/Contents/Home/jre/lib/libjava.dylib
0x00000001075ef000 	/Library/Java/JavaVirtualMachines/jdk1.8.0_202.jdk/Contents/Home/jre/lib/libjdwp.dylib
0x0000000105df9000 	/Library/Java/JavaVirtualMachines/jdk1.8.0_202.jdk/Contents/Home/jre/lib/libnpt.dylib
0x000000010769c000 	/Library/Java/JavaVirtualMachines/jdk1.8.0_202.jdk/Contents/Home/jre/lib/libzip.dylib
0x000000010e04d000 	/Library/Java/JavaVirtualMachines/jdk1.8.0_202.jdk/Contents/Home/jre/lib/libdt_socket.dylib
0x000000010e113000 	/usr/local/Cellar/maven/3.6.1/libexec/lib/jansi-native/osx/libjansi.jnilib
0x000000010e4cc000 	/Library/Java/JavaVirtualMachines/jdk1.8.0_202.jdk/Contents/Home/jre/lib/libnet.dylib
0x000000010e323000 	/Library/Java/JavaVirtualMachines/jdk1.8.0_202.jdk/Contents/Home/jre/lib/libnio.dylib
0x000000010e218000 	/Users/rheashalomannfernandes/Sunbird-Play/knowledge-platform-1/content-api/content-service/target/native_libraries/libjnotify.jnilib
0x000000010e244000 	/Library/Java/JavaVirtualMachines/jdk1.8.0_202.jdk/Contents/Home/jre/lib/libmanagement.dylib
0x000000010ebaf000 	/private/var/folders/gn/0twgk7t90b117tpbcj1j605c0000gn/T/jffi5802840767562794452.dylib
0x00007fff41949000 	/System/Library/Frameworks/JavaVM.framework/Versions/A/JavaVM
0x00007fff5b133000 	/System/Library/PrivateFrameworks/JavaLaunching.framework/Versions/A/JavaLaunching

VM Arguments:
jvm_args: -Xdebug -Xrunjdwp:transport=dt_socket,server=y,suspend=y,address=8000 -Dclassworlds.conf=/usr/local/Cellar/maven/3.6.1/libexec/bin/m2.conf -Dmaven.home=/usr/local/Cellar/maven/3.6.1/libexec -Dlibrary.jansi.path=/usr/local/Cellar/maven/3.6.1/libexec/lib/jansi-native -Dmaven.multiModuleProjectDirectory=/Users/rheashalomannfernandes/Sunbird-Play/knowledge-platform-1/content-api/content-service 
java_command: org.codehaus.plexus.classworlds.launcher.Launcher play2:run
java_class_path (initial): /usr/local/Cellar/maven/3.6.1/libexec/boot/plexus-classworlds-2.6.0.jar
Launcher Type: SUN_STANDARD

Environment Variables:
JAVA_HOME=/Library/Java/JavaVirtualMachines/jdk1.8.0_202.jdk/Contents/Home
PATH=:~/Flutter/flutter/bin:/Users/rheashalomannfernandes/.jenv/shims:/Users/rheashalomannfernandes/.jenv/bin:/usr/local/bin:/usr/bin:/bin:/usr/sbin:/sbin
SHELL=/bin/bash

Signal Handlers:
SIGSEGV: [libjvm.dylib+0x5b719d], sa_mask[0]=11111111011111110111111111111111, sa_flags=SA_ONSTACK|SA_RESTART|SA_SIGINFO
SIGBUS: [libjvm.dylib+0x5b719d], sa_mask[0]=11111111011111110111111111111111, sa_flags=SA_RESTART|SA_SIGINFO
SIGFPE: [libjvm.dylib+0x48c8fc], sa_mask[0]=11111111011111110111111111111111, sa_flags=SA_RESTART|SA_SIGINFO
SIGPIPE: [libjvm.dylib+0x48c8fc], sa_mask[0]=11111111011111110111111111111111, sa_flags=SA_RESTART|SA_SIGINFO
SIGXFSZ: [libjvm.dylib+0x48c8fc], sa_mask[0]=11111111011111110111111111111111, sa_flags=SA_RESTART|SA_SIGINFO
SIGILL: [libjvm.dylib+0x48c8fc], sa_mask[0]=11111111011111110111111111111111, sa_flags=SA_RESTART|SA_SIGINFO
SIGUSR1: SIG_DFL, sa_mask[0]=11011111011111100000000111000110, sa_flags=none
SIGUSR2: [libjvm.dylib+0x48c41a], sa_mask[0]=00100000000000000000000000000000, sa_flags=SA_RESTART|SA_SIGINFO
SIGHUP: [libjvm.dylib+0x48a9a5], sa_mask[0]=11111111011111110111111111111111, sa_flags=SA_RESTART|SA_SIGINFO
SIGINT: [libjvm.dylib+0x48a9a5], sa_mask[0]=11111111011111110111111111111111, sa_flags=SA_RESTART|SA_SIGINFO
SIGTERM: [libjvm.dylib+0x48a9a5], sa_mask[0]=11111111011111110111111111111111, sa_flags=SA_RESTART|SA_SIGINFO
SIGQUIT: [libjvm.dylib+0x48a9a5], sa_mask[0]=11111111011111110111111111111111, sa_flags=SA_RESTART|SA_SIGINFO


---------------  S Y S T E M  ---------------

OS:Bsduname:Darwin 18.7.0 Darwin Kernel Version 18.7.0: Thu Jun 20 18:42:21 PDT 2019; root:xnu-4903.270.47~4/RELEASE_X86_64 x86_64
rlimit: STACK 8192k, CORE 0k, NPROC 709, NOFILE 10240, AS infinity
load average:4.72 3.77 4.43

CPU:total 4 (initial active 4) (2 cores per cpu, 2 threads per core) family 6 model 142 stepping 9, cmov, cx8, fxsr, mmx, sse, sse2, sse3, ssse3, sse4.1, sse4.2, popcnt, avx, avx2, aes, clmul, erms, rtm, 3dnowpref, lzcnt, ht, tsc, tscinvbit, bmi1, bmi2, adx

Memory: 4k page, physical 8388608k(25528k free)

/proc/meminfo:


vm_info: Java HotSpot(TM) 64-Bit Server VM (25.202-b08) for bsd-amd64 JRE (1.8.0_202-b08), built on Dec 15 2018 20:16:16 by "java_re" with gcc 4.2.1 (Based on Apple Inc. build 5658) (LLVM build 2336.11.00)

time: Mon Feb 10 11:11:35 2020
timezone: IST
elapsed time: 121722 seconds (1d 9h 48m 42s)

